k,train_err,valid_err,test_err
1,0.0,5.0,4.51
1,0.0,3.5999999999999996,4.45
1,0.0,6.0,4.72
1,0.0,5.6000000000000005,4.62
1,0.0,5.6000000000000005,4.33
1,0.0,3.5999999999999996,4.51
1,0.0,4.0,4.83
1,0.0,3.2,4.33
1,0.0,4.0,4.390000000000001
1,0.0,4.2,4.58
2,0.0,5.2,4.12
2,0.0,3.8,4.22
2,0.0,3.8,4.47
2,0.0,3.2,4.4799999999999995
2,0.0,3.5999999999999996,4.65
2,0.0,3.5999999999999996,4.46
2,0.0,3.8,4.4799999999999995
2,0.0,5.0,4.5
2,0.0,4.3999999999999995,4.4799999999999995
3,2.32,5.800000000000001,4.99
3,2.12,4.8,5.17
3,1.7999999999999998,6.0,5.11
3,1.8399999999999999,6.2,4.95
3,1.96,5.0,4.8500000000000005
3,1.8800000000000001,5.4,5.3
3,1.8399999999999999,4.6,5.06
3,2.04,7.199999999999999,5.41
3,2.2399999999999998,4.3999999999999995,4.859999999999999
4,1.92,4.2,4.89
4,2.04,4.8,4.74
4,2.04,5.0,5.2
4,2.0,4.8,4.74
4,2.2800000000000002,6.4,4.8
4,1.92,4.8,4.89
4,1.76,4.2,4.55
4,1.92,5.2,4.72
4,2.1999999999999997,6.800000000000001,5.1499999999999995
5,3.0,7.199999999999999,5.67
5,2.1999999999999997,5.2,5.01
5,2.56,6.800000000000001,5.46
5,3.0,4.8,5.63
5,2.76,4.3999999999999995,5.19
5,2.68,4.8,5.36
5,2.68,4.2,5.09
5,3.0,5.0,5.220000000000001
5,2.64,5.800000000000001,5.34
10,3.4799999999999995,6.4,6.22
10,3.4000000000000004,5.6000000000000005,5.82
10,3.7600000000000002,4.8,5.72
10,3.9600000000000004,5.6000000000000005,6.16
10,3.7600000000000002,7.000000000000001,6.16
10,3.52,5.2,5.67
10,4.16,5.6000000000000005,6.15
10,3.5999999999999996,8.0,6.01
10,3.92,4.2,5.94
15,4.36,5.6000000000000005,6.69
15,4.64,6.800000000000001,6.6000000000000005
15,4.5600000000000005,7.000000000000001,6.34
15,4.16,6.4,6.63
15,4.16,6.800000000000001,6.64
15,4.44,5.2,6.510000000000001
15,4.08,6.6000000000000005,6.11
15,4.52,5.800000000000001,6.4399999999999995
15,5.0,6.6000000000000005,6.68
20,5.2,5.2,7.02
20,4.84,7.8,6.84
20,5.16,5.2,7.199999999999999
20,5.36,7.199999999999999,7.22
20,4.68,6.0,7.290000000000001
20,4.5600000000000005,7.8,7.03
20,4.68,7.000000000000001,7.249999999999999
20,5.04,7.3999999999999995,6.81
20,4.88,5.800000000000001,6.6000000000000005
40,7.32,6.0,8.84
40,7.04,6.800000000000001,8.5
40,7.5200000000000005,7.6,9.07
40,6.76,6.800000000000001,8.7
40,6.800000000000001,9.4,8.86
40,6.72,5.4,8.1
40,7.000000000000001,8.6,8.82
40,7.000000000000001,7.000000000000001,8.36
40,6.88,6.4,8.59
60,8.64,9.8,10.12
60,8.52,8.4,10.16
60,8.4,7.8,9.790000000000001
60,8.24,8.4,10.05
60,8.24,10.8,10.09
60,8.799999999999999,8.6,10.05
60,8.12,8.200000000000001,9.59
60,8.88,7.8,9.85
60,8.559999999999999,8.0,9.81
80,9.36,12.6,10.95
80,8.92,11.4,11.04
80,10.96,10.8,12.030000000000001
80,9.64,8.799999999999999,10.93
80,10.440000000000001,8.799999999999999,11.16
80,9.76,12.4,11.33
80,9.32,9.8,10.41
80,9.76,12.8,11.799999999999999
80,10.16,10.4,11.35
100,11.360000000000001,11.200000000000001,12.790000000000001
100,11.64,13.0,13.52
100,11.52,13.0,12.98
100,11.559999999999999,12.2,13.3
100,12.0,12.0,13.25
100,11.76,12.0,12.97
100,12.479999999999999,15.2,14.649999999999999
100,11.200000000000001,8.799999999999999,12.13
100,11.16,12.6,12.76
