k,train_err,valid_err,test_err
1,0.0,33.5,37.1
1,0.0,42.0,37.7
1,0.0,44.0,37.275000000000006
1,0.0,42.5,37.05
1,0.0,37.0,37.75
1,0.0,39.5,37.35
1,0.0,38.0,37.55
1,0.0,44.5,37.2
1,0.0,43.5,37.3
2,0.0,37.5,37.275000000000006
2,0.0,38.0,36.425000000000004
2,0.0,37.0,37.4
2,0.0,33.5,36.75
2,0.0,40.5,36.7
2,0.0,41.5,36.825
2,0.0,37.5,37.375
2,0.0,43.0,37.375
2,0.0,33.5,37.625
3,19.125,41.5,41.375
3,18.625,42.0,41.025
3,18.875,37.5,40.375
3,18.25,41.5,40.875
3,18.0,44.0,40.949999999999996
3,19.25,41.5,40.699999999999996
3,18.25,44.0,40.35
3,20.0,43.0,41.275
3,19.375,38.0,40.825
4,18.125,41.0,39.775
4,18.25,42.5,40.949999999999996
4,17.375,39.5,41.099999999999994
4,19.125,38.5,40.275
4,19.875,47.5,40.975
4,19.125,35.5,40.75
4,17.625,36.5,40.225
4,16.5,44.5,41.475
4,19.125,35.5,40.2
5,23.375,43.5,43.625
5,25.75,35.5,42.6
5,24.25,44.0,43.3
5,23.375,46.5,42.175000000000004
5,26.625,36.5,42.85
5,25.75,41.5,43.15
5,25.874999999999996,40.5,42.699999999999996
5,23.5,38.5,44.2
5,22.625,44.0,42.75
10,34.75,43.5,46.5
10,35.125,48.5,47.075
10,34.5,47.0,46.975
10,34.625,51.5,46.175
10,32.875,48.5,46.35
10,33.5,46.5,46.925
10,32.0,49.5,45.775
10,34.25,46.0,46.7
10,35.875,48.5,47.05
15,38.25,53.0,48.525
15,39.125,55.00000000000001,48.449999999999996
15,39.25,47.5,47.625
15,36.75,52.5,48.575
15,38.25,48.5,47.975
15,37.125,50.0,47.9
15,39.625,53.5,47.325
15,37.5,53.5,48.3
15,40.0,51.0,47.875
20,41.625,51.0,48.199999999999996
20,41.75,49.0,47.099999999999994
20,40.875,44.5,46.75
20,38.875,50.0,47.75
20,41.5,47.0,47.825
20,41.625,50.0,48.75
20,38.5,44.0,49.425000000000004
20,40.625,47.5,48.25
20,37.625,51.5,47.225
40,43.0,47.5,47.55
40,40.5,49.5,46.050000000000004
40,43.0,42.0,46.025
40,41.0,51.0,45.5
40,38.875,47.5,46.575
40,39.125,46.0,46.150000000000006
40,39.125,53.5,45.675
40,42.375,49.0,47.375
40,40.875,46.0,46.050000000000004
60,43.5,45.5,45.625
60,40.375,47.0,44.775
60,41.875,44.5,45.75
60,38.875,48.5,44.9
60,40.5,44.0,45.824999999999996
60,43.125,44.0,45.324999999999996
60,40.125,45.0,45.074999999999996
60,39.5,44.5,45.175
60,41.0,47.5,46.400000000000006
80,42.25,42.5,44.725
80,41.25,43.0,44.6
80,39.25,41.5,44.925
80,39.75,53.0,46.400000000000006
80,38.5,46.5,45.074999999999996
80,42.875,42.0,45.074999999999996
80,39.875,42.5,44.800000000000004
80,39.625,42.5,44.474999999999994
80,40.625,46.5,45.525
100,39.375,44.0,44.65
100,41.875,43.0,44.574999999999996
100,42.5,38.5,45.4
100,39.75,46.0,44.125
100,42.25,46.0,44.875
100,41.125,45.5,44.625
100,40.5,47.5,44.425
100,42.875,37.0,42.8
100,42.875,43.0,44.55
