k,train_err,valid_err,test_err
1,0.018600857638888888,0.01708746527777778,0.01613455607476635
1,0.01803425173611111,0.016625222222222222,0.01715777803738318
1,0.015989960069444448,0.027641999999999996,0.01847097429906542
1,0.015866124999999995,0.019731444444444447,0.014920808411214953
1,0.014166371527777777,0.02324294444444444,0.01889613785046729
1,0.012995144097222223,0.019487083333333332,0.01572248598130841
1,0.019176144097222222,0.02210868055555555,0.01740866355140187
1,0.020501453125,0.02818577083333333,0.016823518691588785
1,0.015153352430555557,0.01865343055555556,0.018172467289719624
2,0.015498303577615375,0.010950248272063695,0.010919180228056378
2,0.017224885287620638,0.008253017898075135,0.014953158590361568
2,0.014371757291559848,0.014747792872244612,0.01080455976597325
2,0.015785798693369886,0.0072185321194431235,0.012997314461038696
2,0.01528685189801369,0.01069460514514429,0.011791703417462817
2,0.01231736862764597,0.018112973719513873,0.011606120166091739
2,0.014028946774177166,0.012609974174949466,0.01192643050025464
2,0.014987614271524246,0.011156574403314124,0.011843799926024377
2,0.014502537081248336,0.015410137510079962,0.012201056158038
3,0.01189646886788641,0.01898823122298684,0.013826404301516318
3,0.011329982940961894,0.022473555052133918,0.013171641163429337
3,0.013603582087538705,0.01596532605149308,0.011845776628514553
3,0.014271360781087154,0.012561176705940369,0.013857881369721468
3,0.013629601752584791,0.010684803283647216,0.010494642333797806
3,0.013292610756002403,0.01837589828233123,0.01129118613906173
3,0.015158557708506958,0.00943303438659656,0.01128769674370203
3,0.01389147768630885,0.010329274147597727,0.010177551595467026
3,0.01319734677850685,0.011607290228936097,0.01085928754595707
4,0.012620590675504813,0.013763439515570217,0.010671748088860893
4,0.015331813310934065,0.00396470981989295,0.009995813990049634
4,0.014159229769039586,0.006975287921400992,0.010891218703959971
4,0.01474956054824487,0.004849606096201612,0.011002114824817453
4,0.013298439882470144,0.008809750830012834,0.011652942057962879
4,0.01555343069420153,0.005409937671516807,0.009965180957146696
4,0.011858509097075047,0.017843677034200537,0.011792174336382574
4,0.013745906341702745,0.012581924447850518,0.009921347696314652
4,0.013653435772468829,0.008700787038761752,0.011258808833493322
5,0.012915162069170073,0.008761829117753731,0.010513399566471406
5,0.010964889724644983,0.01789040017597938,0.009728507313485223
5,0.013569928345988413,0.006964639672052988,0.010262953547165379
5,0.012840105730904317,0.009983169351809672,0.009271851064571119
5,0.01466163289232475,0.009572421124750603,0.008482226535507325
5,0.011910863224299583,0.014708332168387881,0.011393907247883514
5,0.012564589388045336,0.012550043154037882,0.012069285167218488
5,0.012433062693881553,0.010130601632736123,0.008763327077818297
5,0.01162273423328859,0.021761846690646822,0.012033613495194946
10,0.012836617249854848,0.011202374101659739,0.010347340720650881
10,0.012514776493731256,0.011486836610495675,0.008803030037731103
10,0.010990650028673854,0.01535099076910672,0.009237896931853016
10,0.011768540019526588,0.01754680696567414,0.01007998042137104
10,0.01354824142567165,0.008709864556001968,0.009774067796058295
10,0.012426892231567193,0.01761170702036717,0.009632362714831968
10,0.013212705460113267,0.012014268473282484,0.009718527400987938
10,0.0123644674033608,0.012251234268847742,0.009819255075208581
10,0.013211074875288893,0.013496777443950303,0.010932228933745099
15,0.012803573632346478,0.014630207534522873,0.01041925437759796
15,0.012947610968162706,0.017581255997362696,0.010934546656084884
15,0.011576058273379507,0.025901167544263873,0.010941969344037732
15,0.013104980596362068,0.010234773121650383,0.010197816500356503
15,0.01459364556980759,0.004474493543900134,0.009322207302242397
15,0.01062686465580528,0.023546846506348668,0.01118442753841308
15,0.013136116154423285,0.012625926073937525,0.009356886896377273
15,0.011489715514223862,0.028088271289827868,0.010604343225216134
15,0.01323863841190055,0.012699772414490692,0.01031660701971698
20,0.012650910746204355,0.02251287161478143,0.010472698644506262
20,0.011956825059734595,0.0204383828027988,0.009436697814542967
20,0.01294661382203345,0.014359374892667424,0.01150372748577562
20,0.012567584959168508,0.020737429793428998,0.010953847373125512
20,0.01456475870998241,0.00847849510477173,0.011012618421145821
20,0.014500437715226059,0.01546234803654205,0.01073763341237213
20,0.013013420980773734,0.014397830442657958,0.009874176936521501
20,0.012637259088310858,0.021821572430212197,0.011545426068886554
20,0.012052219184819314,0.024856457815200392,0.010760948177214132
40,0.01705255632402415,0.008962873116088961,0.01258424950922888
40,0.015123694360594445,0.01934108566157379,0.012464840876365676
40,0.017968983589520766,0.004650986602651089,0.012167195336442518
40,0.013812733781373827,0.031171317035202557,0.013290368757242637
40,0.0136292372302029,0.026169097617119077,0.011936157296332664
40,0.017601716544632648,0.008767291866027253,0.012391813733332452
40,0.014546693571199643,0.023599637585244648,0.0122496682320251
40,0.016881509736347985,0.015779330602441913,0.012841184984277882
40,0.014850840850809986,0.02223787869329901,0.011935104164140958
60,0.017250148407377496,0.02314493087412688,0.015152777111787955
60,0.015238460415200272,0.027262835310457926,0.014104183314435338
60,0.01792858012398783,0.013447654032414538,0.013303063259009517
60,0.018935326649846724,0.014606128647135206,0.01402686101838442
60,0.017639850946344605,0.017756120805463734,0.01313331515879461
60,0.015614244747524141,0.026638673638999938,0.013224725710706228
60,0.017753713104035833,0.015975490366680785,0.0131449825386599
60,0.017599357891215712,0.022968572978098976,0.015304479106321893
60,0.01644093232758938,0.027187549056946255,0.014995720302493425
80,0.019689172155605682,0.018588528294963425,0.01512956495354461
80,0.02032311621104312,0.00729464481505735,0.014028534955341466
80,0.019379021924314035,0.012082221216644658,0.014464155788263044
80,0.020012382965535574,0.012683347499063425,0.014815146276465158
80,0.02004586388170676,0.02172983116819671,0.015330546996986435
80,0.02040309320731354,0.0168091404487842,0.01629173100096838
80,0.01844057748664834,0.02728406702989321,0.015396813461499785
80,0.018435216442671203,0.020669258384482702,0.014534484274192514
80,0.02074432281779633,0.015467250653094742,0.015847734930681142
100,0.0219009766732234,0.014895998435330031,0.01629790529496289
100,0.02151393336360624,0.02098373125229173,0.018073794648607013
100,0.020483026255741776,0.01871319844399631,0.01608198713809244
100,0.02292072476735535,0.011937779965657338,0.016827438541122553
100,0.021889499837707535,0.01815513645116856,0.01683175078053606
100,0.02079574699868074,0.016054914119195025,0.016619838703822158
100,0.02049182867030043,0.018353448298893498,0.01598335678823493
100,0.020934067734600798,0.019892771903786077,0.01661911041019759
100,0.021291043171558294,0.02262848293037429,0.017091835350177935
